[debug] [2018-06-10T06:37:31.148Z] ----------------------------------------------------------------------
[debug] [2018-06-10T06:37:31.153Z] Command:       /usr/bin/node /usr/local/bin/firebase serve
[debug] [2018-06-10T06:37:31.153Z] CLI Version:   3.18.5
[debug] [2018-06-10T06:37:31.154Z] Platform:      linux
[debug] [2018-06-10T06:37:31.154Z] Node Version:  v8.10.0
[debug] [2018-06-10T06:37:31.154Z] Time:          Sun Jun 10 2018 02:37:31 GMT-0400 (EDT)
[debug] [2018-06-10T06:37:31.154Z] ----------------------------------------------------------------------
[debug] 
[debug] [2018-06-10T06:37:31.216Z] > command requires scopes: ["email","openid","https://www.googleapis.com/auth/cloudplatformprojects.readonly","https://www.googleapis.com/auth/firebase","https://www.googleapis.com/auth/cloud-platform"]
[debug] [2018-06-10T06:37:31.216Z] > authorizing via signed-in user
[debug] [2018-06-10T06:37:31.220Z] > refreshing access token with scopes: ["email","https://www.googleapis.com/auth/cloud-platform","https://www.googleapis.com/auth/cloudplatformprojects.readonly","https://www.googleapis.com/auth/firebase","openid"]
[debug] [2018-06-10T06:37:31.220Z] >>> HTTP REQUEST POST https://www.googleapis.com/oauth2/v3/token  
 { refresh_token: '1/IrqwzQj6lg4ETzelW2ZXZReq-Y2ms8sh5CS-CN2MYMM',
  client_id: '563584335869-fgrhgmd47bqnekij5i8b5pr03ho849e6.apps.googleusercontent.com',
  client_secret: 'j9iVZfS8kkCEFUPaAeJV0sAi',
  grant_type: 'refresh_token',
  scope: 'email https://www.googleapis.com/auth/cloud-platform https://www.googleapis.com/auth/cloudplatformprojects.readonly https://www.googleapis.com/auth/firebase openid' } 
 Sun Jun 10 2018 02:37:31 GMT-0400 (EDT)
[debug] [2018-06-10T06:37:31.506Z] <<< HTTP RESPONSE 200
[debug] [2018-06-10T06:37:31.585Z] >>> HTTP REQUEST GET https://admin.firebase.com/v1/projects/aima-exercises  
  
 Sun Jun 10 2018 02:37:31 GMT-0400 (EDT)
[debug] [2018-06-10T06:37:32.162Z] <<< HTTP RESPONSE 200
[debug] [2018-06-10T06:37:32.164Z] >>> HTTP REQUEST GET https://admin.firebase.com/v1/database/aima-exercises/tokens  
  
 Sun Jun 10 2018 02:37:32 GMT-0400 (EDT)
[debug] [2018-06-10T06:37:32.539Z] <<< HTTP RESPONSE 200
[debug] [2018-06-10T06:37:32.541Z] >>> HTTP REQUEST GET https://cloudresourcemanager.googleapis.com/v1/projects/aima-exercises  
  
 Sun Jun 10 2018 02:37:32 GMT-0400 (EDT)
[debug] [2018-06-10T06:37:32.844Z] <<< HTTP RESPONSE 200
[info] 
[info] === Serving from '/home/nc/Projects/aima-exercises-api'...
[info] 
[debug] [2018-06-10T06:37:32.846Z] >>> HTTP REQUEST GET https://mobilesdk-pa.googleapis.com/v1/projects/955680056151/clients/_:getWebAppConfig  
  
 Sun Jun 10 2018 02:37:32 GMT-0400 (EDT)
[debug] [2018-06-10T06:37:33.232Z] <<< HTTP RESPONSE 200
[info] i  hosting: Serving hosting files from: public
[info] ✔  hosting: Local server: http://localhost:5000

